<?xml version="1.0" encoding="UTF-8"?>
<testng-results skipped="0" failed="0" ignored="0" total="2" passed="2">
  <reporter-output>
  </reporter-output>
  <suite name="Suite" duration-ms="33505" started-at="2020-09-15T18:48:35 IST" finished-at="2020-09-15T18:49:08 IST">
    <groups>
    </groups>
    <test name="edge_test" duration-ms="31822" started-at="2020-09-15T18:48:35 IST" finished-at="2020-09-15T18:49:07 IST">
      <class name="com.testng.CrossBrowser">
        <test-method status="PASS" signature="setup(java.lang.String)[pri:0, instance:com.testng.CrossBrowser@37574691]" name="setup" is-config="true" duration-ms="13147" started-at="2020-09-15T18:48:35 IST" finished-at="2020-09-15T18:48:48 IST">
          <params>
            <param index="0">
              <value>
                <![CDATA[edge]]>
              </value>
            </param>
          </params>
          <reporter-output>
          </reporter-output>
        </test-method> <!-- setup -->
        <test-method status="PASS" signature="orangeHRM()[pri:0, instance:com.testng.CrossBrowser@37574691]" name="orangeHRM" duration-ms="14459" started-at="2020-09-15T18:48:48 IST" finished-at="2020-09-15T18:49:02 IST">
          <reporter-output>
          </reporter-output>
        </test-method> <!-- orangeHRM -->
        <test-method status="PASS" signature="tearDown()[pri:0, instance:com.testng.CrossBrowser@37574691]" name="tearDown" is-config="true" duration-ms="4171" started-at="2020-09-15T18:49:02 IST" finished-at="2020-09-15T18:49:07 IST">
          <reporter-output>
          </reporter-output>
        </test-method> <!-- tearDown -->
      </class> <!-- com.testng.CrossBrowser -->
    </test> <!-- edge_test -->
    <test name="chrome_test" duration-ms="33505" started-at="2020-09-15T18:48:35 IST" finished-at="2020-09-15T18:49:08 IST">
      <class name="com.testng.CrossBrowser">
        <test-method status="PASS" signature="setup(java.lang.String)[pri:0, instance:com.testng.CrossBrowser@1efee8e7]" name="setup" is-config="true" duration-ms="15504" started-at="2020-09-15T18:48:35 IST" finished-at="2020-09-15T18:48:50 IST">
          <params>
            <param index="0">
              <value>
                <![CDATA[chrome]]>
              </value>
            </param>
          </params>
          <reporter-output>
          </reporter-output>
        </test-method> <!-- setup -->
        <test-method status="PASS" signature="orangeHRM()[pri:0, instance:com.testng.CrossBrowser@1efee8e7]" name="orangeHRM" duration-ms="17437" started-at="2020-09-15T18:48:50 IST" finished-at="2020-09-15T18:49:08 IST">
          <reporter-output>
          </reporter-output>
        </test-method> <!-- orangeHRM -->
        <test-method status="PASS" signature="tearDown()[pri:0, instance:com.testng.CrossBrowser@1efee8e7]" name="tearDown" is-config="true" duration-ms="552" started-at="2020-09-15T18:49:08 IST" finished-at="2020-09-15T18:49:08 IST">
          <reporter-output>
          </reporter-output>
        </test-method> <!-- tearDown -->
      </class> <!-- com.testng.CrossBrowser -->
    </test> <!-- chrome_test -->
  </suite> <!-- Suite -->
</testng-results>
