<?xml version="1.0" encoding="UTF-8"?>
<testng-results skipped="0" failed="0" ignored="0" total="1" passed="1">
  <reporter-output>
  </reporter-output>
  <suite name="Default suite" duration-ms="24826" started-at="2020-09-15T18:59:05 IST" finished-at="2020-09-15T18:59:29 IST">
    <groups>
    </groups>
    <test name="Default test" duration-ms="24826" started-at="2020-09-15T18:59:05 IST" finished-at="2020-09-15T18:59:29 IST">
      <class name="com.selenium_assignment1.FlipkartLogin">
        <test-method status="PASS" signature="launchApp()[pri:0, instance:com.selenium_assignment1.FlipkartLogin@d44fc21]" name="launchApp" is-config="true" duration-ms="20037" started-at="2020-09-15T18:59:05 IST" finished-at="2020-09-15T18:59:25 IST">
          <reporter-output>
          </reporter-output>
        </test-method> <!-- launchApp -->
        <test-method status="PASS" signature="loginIn()[pri:0, instance:com.selenium_assignment1.FlipkartLogin@d44fc21]" name="loginIn" is-config="true" duration-ms="1489" started-at="2020-09-15T18:59:25 IST" finished-at="2020-09-15T18:59:26 IST">
          <reporter-output>
          </reporter-output>
        </test-method> <!-- loginIn -->
        <test-method status="PASS" signature="admin()[pri:0, instance:com.selenium_assignment1.FlipkartLogin@d44fc21]" name="admin" duration-ms="528" started-at="2020-09-15T18:59:26 IST" finished-at="2020-09-15T18:59:27 IST">
          <reporter-output>
          </reporter-output>
        </test-method> <!-- admin -->
        <test-method status="PASS" signature="closeApp()[pri:0, instance:com.selenium_assignment1.FlipkartLogin@d44fc21]" name="closeApp" is-config="true" duration-ms="14" started-at="2020-09-15T18:59:27 IST" finished-at="2020-09-15T18:59:27 IST">
          <reporter-output>
          </reporter-output>
        </test-method> <!-- closeApp -->
        <test-method status="PASS" signature="logOut()[pri:0, instance:com.selenium_assignment1.FlipkartLogin@d44fc21]" name="logOut" is-config="true" duration-ms="1" started-at="2020-09-15T18:59:27 IST" finished-at="2020-09-15T18:59:27 IST">
          <reporter-output>
          </reporter-output>
        </test-method> <!-- logOut -->
        <test-method status="PASS" signature="tearDown()[pri:0, instance:com.selenium_assignment1.FlipkartLogin@d44fc21]" name="tearDown" is-config="true" duration-ms="2691" started-at="2020-09-15T18:59:27 IST" finished-at="2020-09-15T18:59:29 IST">
          <reporter-output>
          </reporter-output>
        </test-method> <!-- tearDown -->
      </class> <!-- com.selenium_assignment1.FlipkartLogin -->
    </test> <!-- Default test -->
  </suite> <!-- Default suite -->
</testng-results>
