<?xml version="1.0" encoding="UTF-8"?>
<!-- Generated by org.testng.reporters.JUnitXMLReporter -->
<testsuite hostname="LAPTOP-UAPI8PLG" ignored="1" name="Test" tests="2" failures="0" timestamp="2020-09-15T11:51:42 IST" time="0.226" errors="0">
  <testcase name="login" time="0.047" classname="com.testng.DependsOnGroup"/>
  <testcase name="logout" time="0.003" classname="com.testng.DependsOnGroup"/>
  <testcase name="search" time="0.0" classname="com.testng.DependsOnGroup">
    <ignored/>
  </testcase> <!-- search -->
</testsuite> <!-- Test -->
